build/app/outputs/mapping/release/seeds.txt
com.example.textbased.MainActivity: MainActivity()
com.example.textbased.MainActivity
...
com.google.android.gms.internal.ads.zzug$zzm$zzc: com.google.android.gms.internal.ads.zzug$zzm$zzc[] values()
com.google.android.gms.internal.ads.zzug$zzb$zza: com.google.android.gms.internal.ads.zzemx zzek
com.google.android.gms.internal.ads.zzug$zzz: com.google.android.gms.internal.ads.zzug$zzx zzcgh
io.flutter.embedding.engine.FlutterJNI: void onSurfaceWindowChanged(android.view.Surface)
com.google.android.gms.internal.ads.zzbw$zza$zza: java.lang.String zzen
io.flutter.app.FlutterApplication
com.google.android.gms.internal.ads.zzug$zzv: int zzcga
com.google.android.gms.ads.internal.zzk: android.os.Parcelable$Creator CREATOR
io.flutter.plugin.platform.SingleViewPresentation: io.flutter.plugin.platform.SingleViewPresentation$PresentationState state
com.google.android.gms.internal.ads.zzeeo: com.google.android.gms.internal.ads.zzemx zzek
com.google.android.gms.ads.reward.mediation.MediationRewardedVideoAdAdapter: void loadAd(com.google.android.gms.ads.mediation.MediationAdRequest,android.os.Bundle,android.os.Bundle)
androidx.work.impl.workers.ConstraintTrackingWorker: ConstraintTrackingWorker(android.content.Context,androidx.work.WorkerParameters)
com.google.android.gms.internal.ads.zzcf$zza: int zzhb
com.google.android.gms.internal.ads.zzcb$zzc: com.google.android.gms.internal.ads.zzemx zzek
com.google.android.gms.internal.ads.zzdtt: int zzdv
com.google.android.gms.internal.ads.zzegd$zza: com.google.android.gms.internal.ads.zzegd$zza[] values()
com.google.android.gms.internal.ads.zzcf$zza: int zzfo
com.google.android.gms.internal.ads.zzug$zzt: com.google.android.gms.internal.ads.zzemx zzek
com.google.android.gms.ads.formats.NativeAdView: void setAdChoicesView(com.google.android.gms.ads.formats.AdChoicesView)
com.google.android.gms.internal.ads.zzaau: android.os.Parcelable$Creator CREATOR
com.google.android.gms.internal.ads.zzug$zzg: com.google.android.gms.internal.ads.zzug$zzt zzcbi
com.google.android.gms.internal.ads.zzepa$zzb$zzh: byte zzixq
io.flutter.embedding.engine.FlutterJNI: void setLocalizationPlugin(io.flutter.plugin.localization.LocalizationPlugin)
com.google.android.gms.internal.ads.zzcf$zze: com.google.android.gms.internal.ads.zzemx zzek
io.flutter.embedding.engine.plugins.lifecycle.HiddenLifecycleReference
io.flutter.embedding.engine.FlutterJNI: void asyncWaitForVsync(long)
com.google.ads.mediation.admob.AdMobAdapter: AdMobAdapter()
com.google.android.gms.internal.ads.zzcf$zza: int zzia
com.google.android.gms.internal.ads.zzeew
com.google.android.gms.ads.AdView: void setAdSize(com.google.android.gms.ads.AdSize)
com.google.android.gms.internal.ads.zzepa$zzb$zzc: com.google.android.gms.internal.ads.zzejr zziyv
com.google.android.gms.internal.ads.zzegy: com.google.android.gms.internal.ads.zzemx zzek
com.google.android.gms.internal.ads.zzepa$zzb$zzg: com.google.android.gms.internal.ads.zzepa$zzb$zzg[] values()
com.google.android.gms.internal.ads.zzug$zzh: com.google.android.gms.internal.ads.zzug$zzu zzcbr
androidx.activity.OnBackPressedDispatcher$LifecycleOnBackPressedCancellable
com.google.android.gms.internal.ads.zzcf$zza: long zzfs
io.flutter.embedding.engine.plugins.lifecycle.HiddenLifecycleReference: HiddenLifecycleReference(androidx.lifecycle.Lifecycle)
com.google.android.gms.internal.ads.zzefj: com.google.android.gms.internal.ads.zzefj zzifl
io.flutter.plugin.platform.SingleViewPresentation: SingleViewPresentation(android.content.Context,android.view.Display,io.flutter.plugin.platform.AccessibilityEventsDelegate,io.flutter.plugin.platform.SingleViewPresentation$PresentationState,android.view.View$OnFocusChangeListener,boolean)
com.google.android.gms.internal.ads.zzegw: java.lang.String zziig
androidx.core.R$id: int line1
com.google.android.gms.internal.ads.zzcf$zza: java.lang.String zzht
com.google.android.gms.internal.ads.zzug$zzp: int zzcet
com.google.android.gms.internal.ads.zzegg: com.google.android.gms.internal.ads.zzejr zzigt
androidx.work.WorkerParameters