build/app/outputs/mapping/release/mapping.txt
# compiler: R8
# compiler_version: 2.0.88
# min_api: 19
# pg_map_id: b23ffb7
# common_typos_disable
...
androidx.work.impl.background.systemalarm.SystemAlarmDispatcher$CommandsCompletedListener -> androidx.work.impl.background.systemalarm.e$c:
    void onAllCommandsCompleted() -> a
androidx.work.impl.background.systemalarm.SystemAlarmDispatcher$DequeueAndCheckForCompletion -> androidx.work.impl.background.systemalarm.e$d:
    androidx.work.impl.background.systemalarm.SystemAlarmDispatcher mDispatcher -> a
androidx.work.impl.background.systemalarm.SystemAlarmScheduler -> androidx.work.impl.background.systemalarm.f:
    android.content.Context mContext -> a
    java.lang.String TAG -> b
    void scheduleWorkSpec(androidx.work.impl.model.WorkSpec) -> a
    void cancel(java.lang.String) -> b
    void schedule(androidx.work.impl.model.WorkSpec[]) -> c
androidx.work.impl.background.systemalarm.SystemAlarmService -> androidx.work.impl.background.systemalarm.SystemAlarmService:
    androidx.work.impl.background.systemalarm.SystemAlarmDispatcher mDispatcher -> b
    boolean mIsShutdown -> c
    java.lang.String TAG -> d
    void onAllCommandsCompleted() -> a
    void initializeDispatcher() -> b
androidx.work.impl.background.systemalarm.WorkTimer -> androidx.work.impl.background.systemalarm.g:
    java.lang.String TAG -> f
    java.util.Map mTimerMap -> c
    java.util.Map mListeners -> d
    java.lang.Object mLock -> e
    java.util.concurrent.ThreadFactory mBackgroundThreadFactory -> a
    java.util.concurrent.ScheduledExecutorService mExecutorService -> b
    void onDestroy() -> a
    void startTimer(java.lang.String,long,androidx.work.impl.background.systemalarm.WorkTimer$TimeLimitExceededListener) -> b
    void stopTimer(java.lang.String) -> c
androidx.work.impl.background.systemalarm.WorkTimer$1 -> androidx.work.impl.background.systemalarm.g$a:
    int mThreadsCreated -> a
androidx.work.impl.background.systemalarm.WorkTimer$TimeLimitExceededListener -> androidx.work.impl.background.systemalarm.g$b:
    void onTimeLimitExceeded(java.lang.String) -> b
androidx.work.impl.background.systemalarm.WorkTimer$WorkTimerRunnable -> androidx.work.impl.background.systemalarm.g$c:
    androidx.work.impl.background.systemalarm.WorkTimer mWorkTimer -> a
    java.lang.String mWorkSpecId -> b
androidx.work.impl.background.systemjob.SystemJobInfoConverter -> androidx.work.impl.background.systemjob.a:
    android.content.ComponentName mWorkServiceComponent -> a
    java.lang.String TAG -> b
    android.app.job.JobInfo convert(androidx.work.impl.model.WorkSpec,int) -> a
    android.app.job.JobInfo$TriggerContentUri convertContentUriTrigger(androidx.work.ContentUriTriggers$Trigger) -> b
    int convertNetworkType(androidx.work.NetworkType) -> c
androidx.work.impl.background.systemjob.SystemJobInfoConverter$1 -> androidx.work.impl.background.systemjob.a$a:
    int[] $SwitchMap$androidx$work$NetworkType -> a
androidx.work.impl.background.systemjob.SystemJobScheduler -> androidx.work.impl.background.systemjob.b:
    android.content.Context mContext -> a
    java.lang.String TAG -> f
    android.app.job.JobScheduler mJobScheduler -> b
    androidx.work.impl.background.systemjob.SystemJobInfoConverter mSystemJobInfoConverter -> e
    androidx.work.impl.WorkManagerImpl mWorkManager -> c
    androidx.work.impl.utils.IdGenerator mIdGenerator -> d
    void cancelAll(android.content.Context) -> a
    void cancel(java.lang.String) -> b
    void schedule(androidx.work.impl.model.WorkSpec[]) -> c
    void cancelInvalidJobs(android.content.Context) -> d
    void cancelJobById(android.app.job.JobScheduler,int) -> e
    java.util.List getPendingJobIds(android.content.Context,android.app.job.JobScheduler,java.lang.String) -> f
    java.util.List getPendingJobs(android.content.Context,android.app.job.JobScheduler) -> g
    void scheduleInternal(androidx.work.impl.model.WorkSpec,int) -> h