build/app/outputs/mapping/release/usage.txt
com.example.textbased.R$attr
com.example.textbased.R$drawable
com.example.textbased.R
com.example.textbased.R$mipmap
com.example.textbased.R$bool
com.example.textbased.R$string
com.example.textbased.BuildConfig
com.example.textbased.R$color
com.example.textbased.R$style
com.example.textbased.R$integer
com.example.textbased.R$id
com.example.textbased.R$layout
com.example.textbased.R$styleable
com.example.textbased.R$dimen
...
kotlin.NumbersKt
kotlin.annotation.AnnotationTarget
androidx.core.provider.FontsContractCompat$FontInfo
com.google.android.gms.ads.query.AdInfo:
    public static java.lang.String getRequestId(java.lang.String)
    public void <init>(com.google.android.gms.ads.query.QueryInfo,java.lang.String)
    private final com.google.android.gms.ads.query.QueryInfo zzhrz
    private final java.lang.String zzhsa
androidx.swiperefreshlayout.widget.SwipeRefreshLayout$OnRefreshListener
androidx.work.PeriodicWorkRequest
androidx.work.impl.utils.StatusRunnable$4
androidx.swiperefreshlayout.R$integer
androidx.annotation.Px
com.google.android.gms.common.internal.safeparcel.SafeParcelable$VersionField
org.intellij.lang.annotations.JdkConstants$PatternFlags
com.google.android.gms.internal.measurement.zzhx
androidx.sqlite.db.framework.FrameworkSQLiteOpenHelper$OpenHelper:
    synchronized androidx.sqlite.db.SupportSQLiteDatabase getReadableSupportDatabase()
androidx.core.provider.FontsContractCompat$4$8
kotlin.collections.EmptyMap
kotlin.sequences.SequencesKt___SequencesKt$minus$4$iterator$1
com.google.android.gms.internal.measurement.zzij
androidx.core.app.NotificationManagerCompat$Task
androidx.core.os.ConfigurationCompat
kotlin.text.StringsKt___StringsKt$asSequence$$inlined$Sequence$1
com.google.android.gms.internal.ads.zzcwr:
    public final synthetic java.lang.Object get()
androidx.asynclayoutinflater.R
androidx.lifecycle.OnLifecycleEvent
com.google.android.gms.tasks.zzz
com.google.android.gms.common.internal.zzo
androidx.core.app.NotificationManagerCompat$ServiceConnectedEvent
kotlin.SinceKotlin
io.flutter.view.FlutterView$Provider
com.google.android.gms.tasks.zzi
androidx.core.app.JobIntentService$WorkEnqueuer
kotlin.sequences.SequencesKt__SequenceBuilderKt
com.google.android.gms.internal.measurement.zzgd
io.flutter.embedding.android.AndroidTouchProcessor$PointerChange
androidx.core.hardware.fingerprint.FingerprintManagerCompat$AuthenticationResult
androidx.fragment.app.Fragment$SavedState
com.google.android.gms.internal.ads.zzekl$zza:
    void <init>()
com.google.android.gms.ads.mediation.MediationNativeListener:
    public abstract void onVideoEnd(com.google.android.gms.ads.mediation.MediationNativeAdapter)
androidx.core.widget.TintableImageSourceView
kotlin.io.FileTreeWalk$FileTreeWalkIterator$BottomUpDirectoryState
kotlin.DslMarker
androidx.core.app.FrameMetricsAggregator$FrameMetricsApi24Impl
com.google.android.gms.ads.formats.NativeAppInstallAdView
com.google.android.gms.common.api.UnsupportedApiCallException
androidx.core.util.Preconditions
androidx.slidingpanelayout.R$color
androidx.core.widget.CompoundButtonCompat
kotlin.internal.HidesMembers
androidx.lifecycle.service.R
com.google.android.gms.ads.query.QueryInfo:
    public void <init>(com.google.android.gms.internal.ads.zzzx)
    public static void generate(android.content.Context,com.google.android.gms.ads.AdFormat,com.google.android.gms.ads.AdRequest,com.google.android.gms.ads.query.QueryInfoGenerationCallback)
    public java.lang.String getQuery()
    public android.os.Bundle getQueryBundle()
    public java.lang.String getRequestId()
    private final com.google.android.gms.internal.ads.zzzx zzhry
com.google.android.gms.internal.measurement.zzgu
kotlin.collections.CollectionsKt___CollectionsJvmKt
com.google.android.gms.internal.ads.zzaez:
    public final android.os.IBinder zza(com.google.android.gms.dynamic.IObjectWrapper,com.google.android.gms.dynamic.IObjectWrapper,com.google.android.gms.dynamic.IObjectWrapper,int)
com.google.android.gms.internal.measurement.zzhg
kotlin.jvm.internal.ArrayIteratorsKt
kotlin.ExperimentalUnsignedTypes
androidx.core.text.TextDirectionHeuristicsCompat$TextDirectionHeuristicInternal
com.google.android.gms.internal.ads.zzapz
kotlin.contracts.SimpleEffect
io.flutter.app.FlutterActivityDelegate$1$1
kotlin.jvm.functions.Function6
com.google.android.gms.ads.query.ReportingInfo$Builder
kotlin.jvm.JvmPackageName
org.jetbrains.annotations.PropertyKey